<?xml version="1.0" encoding="UTF-8" ?>
<testsuites errors="1"
            failures="1"
            tests="1">

  <testsuite name="cast_ballot.test"
    errors="1" failures="1" hostname="" id="" package="cast_ballot.test" skipped="0"
    tests="1" time="32.77" timestamp="">
  
    <testcase name="should cast a ballot" classname="cast_ballot.test" time="16.39" assertions="3">

    

      <failure message="Testing if element &lt;By(xpath, .//*[text()=&#34;Election List&#34;])&gt; is visible in 5000ms - expected &#34;is visible&#34; but got: &#34;element could not be located&#34; (5032ms)">    at DescribeInstance.&lt;anonymous&gt; (/home/enric/Developer/backend-services/packages/voting-portal/test/cast_ballot.test.ts:38:24)</failure>

    
    <error message="Testing if element [33m&lt;By(xpath, .//*[text()=&#34;Election List&#34;])&gt;[39m is visible in 5000ms - expected [32m&#34;is visible&#34;[39m but got: [31m&#34;element could not be located&#34;[39m [90m(5032ms)[39m" type="error"><![CDATA[
    Error
    at Proxy.&lt;anonymous&gt; (/home/enric/Developer/backend-services/packages/node_modules/nightwatch/lib/api/index.js:161:30)
    at DescribeInstance.&lt;anonymous&gt; (/home/enric/Developer/backend-services/packages/voting-portal/test/cast_ballot.test.ts:38:24)
    at Context.call (/home/enric/Developer/backend-services/packages/node_modules/nightwatch/lib/testsuite/context.js:509:35)
    at TestCase.run (/home/enric/Developer/backend-services/packages/node_modules/nightwatch/lib/testsuite/testcase.js:58:31)
    at Runnable.__runFn (/home/enric/Developer/backend-services/packages/node_modules/nightwatch/lib/testsuite/index.js:839:80)
    at Runnable.run (/home/enric/Developer/backend-services/packages/node_modules/nightwatch/lib/testsuite/runnable.js:126:21)
    at TestSuite.executeRunnable (/home/enric/Developer/backend-services/packages/node_modules/nightwatch/lib/testsuite/index.js:1000:49)
    at TestSuite.handleRunnable (/home/enric/Developer/backend-services/packages/node_modules/nightwatch/lib/testsuite/index.js:1015:33)
    at /home/enric/Developer/backend-services/packages/node_modules/nightwatch/lib/testsuite/index.js:839:21
    at async DefaultRunner.runTestSuite (/home/enric/Developer/backend-services/packages/node_modules/nightwatch/lib/runner/test-runners/default.js:83:7)
    ]]></error>
    
    </testcase>
  

  
    <system-err>
       Error
   Timed out while waiting for element &#34;By(xpath, .//*[text()=&#34;Election List&#34;])&#34; to be present for 5000 milliseconds.
    </system-err>
  

    

  
  </testsuite>
</testsuites>
