<?xml version="1.0" encoding="UTF-8" ?>
<testsuites errors="1"
            failures="1"
            tests="1">

  <testsuite name="e2e.publish.test"
    errors="1" failures="1" hostname="" id="" package="e2e" skipped="1"
    tests="1" time="37.96" timestamp="">
  
    <testcase name="create a publish" classname="e2e.publish.test" time="10.97" assertions="4">

    

    

      <failure message="Testing if element &lt;button.publish-action-publish-button&gt; is not enabled in 5000ms - expected &#34;is not enabled&#34; but got: &#34;error while locating the element&#34; (5125ms)">    at NightwatchAPI.&lt;anonymous&gt; (/Users/xtremis/Developer/backend-services/packages/admin-portal/test/e2e/publish.test.ts:160:33)</failure>

    
    <error message="Testing if element [33m&lt;button.publish-action-publish-button&gt;[39m is not enabled in 5000ms - expected [32m&#34;is not enabled&#34;[39m but got: [31m&#34;error while locating the element&#34;[39m [90m(5125ms)[39m" type="error"><![CDATA[
    Error
    at Proxy.&lt;anonymous&gt; (/Users/xtremis/Developer/backend-services/packages/node_modules/nightwatch/lib/api/index.js:147:36)
    at NightwatchAPI.&lt;anonymous&gt; (/Users/xtremis/Developer/backend-services/packages/admin-portal/test/e2e/publish.test.ts:160:33)
    at Object.apply (/Users/xtremis/Developer/backend-services/packages/node_modules/nightwatch/lib/api/_loaders/_base-loader.js:411:29)
    at isPresent.complete (/Users/xtremis/Developer/backend-services/packages/node_modules/nightwatch/lib/element/command.js:240:27)
    at successHandler (/Users/xtremis/Developer/backend-services/packages/node_modules/nightwatch/lib/api/element-commands/_baseElementCommand.js:66:45)
    at PeriodicPromise.perform (/Users/xtremis/Developer/backend-services/packages/node_modules/nightwatch/lib/utils/periodic-promise.js:108:29)
    at processTicksAndRejections (node:internal/process/task_queues:95:5)
    at async PeriodicPromise.runAction (/Users/xtremis/Developer/backend-services/packages/node_modules/nightwatch/lib/utils/periodic-promise.js:48:22)
    at async PeriodicPromise.runAction (/Users/xtremis/Developer/backend-services/packages/node_modules/nightwatch/lib/utils/periodic-promise.js:51:16)
    ]]></error>
    
    </testcase>
  

  
    <system-err>
       NoSuchElementError
   An element could not be located on the page using the given search parameters.

    Try fixing by :
    1. Please inspect the html before the step
    2. Verify if an element with the mentioned selector is present in the DOM tree
    </system-err>
  

    

  
    
    <testcase
      name="publish view can go back" classname="e2e.publish.test">
      <skipped />
    </testcase>
    
  
  </testsuite>
</testsuites>
